<?xml version="1.0" encoding="UTF-8"?>
<testng-results ignored="0" total="2" passed="2" failed="0" skipped="0">
  <reporter-output>
  </reporter-output>
  <suite started-at="2022-12-23T18:54:48 IST" name="Default suite" finished-at="2022-12-23T18:55:40 IST" duration-ms="52794">
    <groups>
    </groups>
    <test started-at="2022-12-23T18:54:48 IST" name="Default test" finished-at="2022-12-23T18:55:40 IST" duration-ms="52794">
      <class name="com.First_project.testscript.Login">
        <test-method signature="login(java.lang.String,java.lang.String)[pri:0, instance:com.First_project.testscript.Login@63021689]" started-at="2022-12-23T18:54:49 IST" name="login" data-provider="getExceldata" finished-at="2022-12-23T18:55:21 IST" duration-ms="31989" status="PASS">
          <params>
            <param index="0">
              <value>
                <![CDATA[admin]]>
              </value>
            </param>
            <param index="1">
              <value>
                <![CDATA[manager]]>
              </value>
            </param>
          </params>
          <reporter-output>
          </reporter-output>
        </test-method> <!-- login -->
        <test-method signature="login(java.lang.String,java.lang.String)[pri:0, instance:com.First_project.testscript.Login@63021689]" started-at="2022-12-23T18:55:21 IST" name="login" data-provider="getExceldata" finished-at="2022-12-23T18:55:40 IST" duration-ms="19713" status="PASS">
          <params>
            <param index="0">
              <value>
                <![CDATA[admin123]]>
              </value>
            </param>
            <param index="1">
              <value>
                <![CDATA[manager123]]>
              </value>
            </param>
          </params>
          <reporter-output>
          </reporter-output>
        </test-method> <!-- login -->
      </class> <!-- com.First_project.testscript.Login -->
    </test> <!-- Default test -->
  </suite> <!-- Default suite -->
</testng-results>
