<?xml version="1.0" encoding="UTF-8"?>
<testng-results ignored="0" total="2" passed="2" failed="0" skipped="0">
  <reporter-output>
    <line>
      <![CDATA[maven project]]>
    </line>
    <line>
      <![CDATA[maven project2]]>
    </line>
  </reporter-output>
  <suite started-at="2022-12-02T19:30:37 IST" name="Default suite" finished-at="2022-12-02T19:30:37 IST" duration-ms="220">
    <groups>
    </groups>
    <test started-at="2022-12-02T19:30:37 IST" name="Default test" finished-at="2022-12-02T19:30:37 IST" duration-ms="220">
      <class name="com.First_project.generic.Demo">
        <test-method signature="demo()[pri:0, instance:com.First_project.generic.Demo@4386f16]" started-at="2022-12-02T19:30:37 IST" name="demo" finished-at="2022-12-02T19:30:37 IST" duration-ms="49" status="PASS">
          <reporter-output>
            <line>
              <![CDATA[maven project]]>
            </line>
          </reporter-output>
        </test-method> <!-- demo -->
        <test-method signature="demo1()[pri:0, instance:com.First_project.generic.Demo@4386f16]" started-at="2022-12-02T19:30:37 IST" name="demo1" finished-at="2022-12-02T19:30:37 IST" duration-ms="3" status="PASS">
          <reporter-output>
            <line>
              <![CDATA[maven project2]]>
            </line>
          </reporter-output>
        </test-method> <!-- demo1 -->
      </class> <!-- com.First_project.generic.Demo -->
    </test> <!-- Default test -->
  </suite> <!-- Default suite -->
</testng-results>
